<?xml version="1.0" encoding="UTF-8"?>
<!-- Generated by org.testng.reporters.JUnitReportReporter -->
<testsuite skipped="0" hostname="DESKTOP-V4AD8SD" name="com.workflowReal.pocs.springbot.AppTest" tests="1" failures="0" timestamp="01 jun 2017 21:15:16 GMT" time="0.006" errors="0">
  <testcase name="testApp" time="0.006" classname="com.workflowReal.pocs.springbot.AppTest"/>
</testsuite> <!-- com.workflowReal.pocs.springbot.AppTest -->
